[2024-04-14T15:44:53.913+0000] {processor.py:161} INFO - Started process (PID=39) to work on /opt/airflow/dags/example_docker_operator_dag.py
[2024-04-14T15:44:53.914+0000] {processor.py:830} INFO - Processing file /opt/airflow/dags/example_docker_operator_dag.py for tasks to queue
[2024-04-14T15:44:53.915+0000] {logging_mixin.py:188} INFO - [2024-04-14T15:44:53.915+0000] {dagbag.py:540} INFO - Filling up the DagBag from /opt/airflow/dags/example_docker_operator_dag.py
[2024-04-14T15:44:53.928+0000] {processor.py:840} INFO - DAG(s) 'example-docker-operator-dag' retrieved from /opt/airflow/dags/example_docker_operator_dag.py
[2024-04-14T15:44:54.074+0000] {logging_mixin.py:188} INFO - [2024-04-14T15:44:54.073+0000] {override.py:1769} INFO - Created Permission View: can edit on DAG:example-docker-operator-dag
[2024-04-14T15:44:54.083+0000] {logging_mixin.py:188} INFO - [2024-04-14T15:44:54.083+0000] {override.py:1769} INFO - Created Permission View: can read on DAG:example-docker-operator-dag
[2024-04-14T15:44:54.090+0000] {logging_mixin.py:188} INFO - [2024-04-14T15:44:54.090+0000] {override.py:1769} INFO - Created Permission View: can delete on DAG:example-docker-operator-dag
[2024-04-14T15:44:54.090+0000] {logging_mixin.py:188} INFO - [2024-04-14T15:44:54.090+0000] {dag.py:3047} INFO - Sync 1 DAGs
[2024-04-14T15:44:54.103+0000] {logging_mixin.py:188} INFO - [2024-04-14T15:44:54.102+0000] {dag.py:3069} INFO - Creating ORM DAG for example-docker-operator-dag
[2024-04-14T15:44:54.103+0000] {logging_mixin.py:188} INFO - [2024-04-14T15:44:54.103+0000] {dag.py:3834} INFO - Setting next_dagrun for example-docker-operator-dag to None, run_after=None
[2024-04-14T15:44:54.118+0000] {processor.py:183} INFO - Processing /opt/airflow/dags/example_docker_operator_dag.py took 0.208 seconds
[2024-04-14T15:45:24.136+0000] {processor.py:161} INFO - Started process (PID=46) to work on /opt/airflow/dags/example_docker_operator_dag.py
[2024-04-14T15:45:24.138+0000] {processor.py:830} INFO - Processing file /opt/airflow/dags/example_docker_operator_dag.py for tasks to queue
[2024-04-14T15:45:24.139+0000] {logging_mixin.py:188} INFO - [2024-04-14T15:45:24.139+0000] {dagbag.py:540} INFO - Filling up the DagBag from /opt/airflow/dags/example_docker_operator_dag.py
[2024-04-14T15:45:24.145+0000] {processor.py:840} INFO - DAG(s) 'example-docker-operator-dag' retrieved from /opt/airflow/dags/example_docker_operator_dag.py
[2024-04-14T15:45:24.202+0000] {logging_mixin.py:188} INFO - [2024-04-14T15:45:24.202+0000] {dag.py:3047} INFO - Sync 1 DAGs
[2024-04-14T15:45:24.209+0000] {logging_mixin.py:188} INFO - [2024-04-14T15:45:24.209+0000] {dag.py:3834} INFO - Setting next_dagrun for example-docker-operator-dag to None, run_after=None
[2024-04-14T15:45:24.221+0000] {processor.py:183} INFO - Processing /opt/airflow/dags/example_docker_operator_dag.py took 0.088 seconds
[2024-04-14T15:45:54.378+0000] {processor.py:161} INFO - Started process (PID=53) to work on /opt/airflow/dags/example_docker_operator_dag.py
[2024-04-14T15:45:54.379+0000] {processor.py:830} INFO - Processing file /opt/airflow/dags/example_docker_operator_dag.py for tasks to queue
[2024-04-14T15:45:54.380+0000] {logging_mixin.py:188} INFO - [2024-04-14T15:45:54.380+0000] {dagbag.py:540} INFO - Filling up the DagBag from /opt/airflow/dags/example_docker_operator_dag.py
[2024-04-14T15:45:54.386+0000] {processor.py:840} INFO - DAG(s) 'example-docker-operator-dag' retrieved from /opt/airflow/dags/example_docker_operator_dag.py
[2024-04-14T15:45:54.456+0000] {logging_mixin.py:188} INFO - [2024-04-14T15:45:54.456+0000] {dag.py:3047} INFO - Sync 1 DAGs
[2024-04-14T15:45:54.462+0000] {logging_mixin.py:188} INFO - [2024-04-14T15:45:54.462+0000] {dag.py:3834} INFO - Setting next_dagrun for example-docker-operator-dag to None, run_after=None
[2024-04-14T15:45:54.471+0000] {processor.py:183} INFO - Processing /opt/airflow/dags/example_docker_operator_dag.py took 0.095 seconds
[2024-04-14T15:46:24.568+0000] {processor.py:161} INFO - Started process (PID=60) to work on /opt/airflow/dags/example_docker_operator_dag.py
[2024-04-14T15:46:24.569+0000] {processor.py:830} INFO - Processing file /opt/airflow/dags/example_docker_operator_dag.py for tasks to queue
[2024-04-14T15:46:24.570+0000] {logging_mixin.py:188} INFO - [2024-04-14T15:46:24.570+0000] {dagbag.py:540} INFO - Filling up the DagBag from /opt/airflow/dags/example_docker_operator_dag.py
[2024-04-14T15:46:24.577+0000] {processor.py:840} INFO - DAG(s) 'example-docker-operator-dag' retrieved from /opt/airflow/dags/example_docker_operator_dag.py
[2024-04-14T15:46:24.655+0000] {logging_mixin.py:188} INFO - [2024-04-14T15:46:24.654+0000] {dag.py:3047} INFO - Sync 1 DAGs
[2024-04-14T15:46:24.661+0000] {logging_mixin.py:188} INFO - [2024-04-14T15:46:24.661+0000] {dag.py:3834} INFO - Setting next_dagrun for example-docker-operator-dag to None, run_after=None
[2024-04-14T15:46:24.673+0000] {processor.py:183} INFO - Processing /opt/airflow/dags/example_docker_operator_dag.py took 0.108 seconds
[2024-04-14T15:46:54.738+0000] {processor.py:161} INFO - Started process (PID=67) to work on /opt/airflow/dags/example_docker_operator_dag.py
[2024-04-14T15:46:54.738+0000] {processor.py:830} INFO - Processing file /opt/airflow/dags/example_docker_operator_dag.py for tasks to queue
[2024-04-14T15:46:54.739+0000] {logging_mixin.py:188} INFO - [2024-04-14T15:46:54.739+0000] {dagbag.py:540} INFO - Filling up the DagBag from /opt/airflow/dags/example_docker_operator_dag.py
[2024-04-14T15:46:54.744+0000] {processor.py:840} INFO - DAG(s) 'example-docker-operator-dag' retrieved from /opt/airflow/dags/example_docker_operator_dag.py
[2024-04-14T15:46:54.811+0000] {logging_mixin.py:188} INFO - [2024-04-14T15:46:54.811+0000] {dag.py:3047} INFO - Sync 1 DAGs
[2024-04-14T15:46:54.817+0000] {logging_mixin.py:188} INFO - [2024-04-14T15:46:54.817+0000] {dag.py:3834} INFO - Setting next_dagrun for example-docker-operator-dag to None, run_after=None
[2024-04-14T15:46:54.830+0000] {processor.py:183} INFO - Processing /opt/airflow/dags/example_docker_operator_dag.py took 0.093 seconds
[2024-04-14T15:47:25.055+0000] {processor.py:161} INFO - Started process (PID=74) to work on /opt/airflow/dags/example_docker_operator_dag.py
[2024-04-14T15:47:25.057+0000] {processor.py:830} INFO - Processing file /opt/airflow/dags/example_docker_operator_dag.py for tasks to queue
[2024-04-14T15:47:25.058+0000] {logging_mixin.py:188} INFO - [2024-04-14T15:47:25.058+0000] {dagbag.py:540} INFO - Filling up the DagBag from /opt/airflow/dags/example_docker_operator_dag.py
[2024-04-14T15:47:25.064+0000] {processor.py:840} INFO - DAG(s) 'example-docker-operator-dag' retrieved from /opt/airflow/dags/example_docker_operator_dag.py
[2024-04-14T15:47:25.136+0000] {logging_mixin.py:188} INFO - [2024-04-14T15:47:25.135+0000] {dag.py:3047} INFO - Sync 1 DAGs
[2024-04-14T15:47:25.140+0000] {logging_mixin.py:188} INFO - [2024-04-14T15:47:25.140+0000] {dag.py:3834} INFO - Setting next_dagrun for example-docker-operator-dag to None, run_after=None
[2024-04-14T15:47:25.148+0000] {processor.py:183} INFO - Processing /opt/airflow/dags/example_docker_operator_dag.py took 0.096 seconds
[2024-04-14T15:47:55.341+0000] {processor.py:161} INFO - Started process (PID=81) to work on /opt/airflow/dags/example_docker_operator_dag.py
[2024-04-14T15:47:55.343+0000] {processor.py:830} INFO - Processing file /opt/airflow/dags/example_docker_operator_dag.py for tasks to queue
[2024-04-14T15:47:55.344+0000] {logging_mixin.py:188} INFO - [2024-04-14T15:47:55.344+0000] {dagbag.py:540} INFO - Filling up the DagBag from /opt/airflow/dags/example_docker_operator_dag.py
[2024-04-14T15:47:55.349+0000] {processor.py:840} INFO - DAG(s) 'example-docker-operator-dag' retrieved from /opt/airflow/dags/example_docker_operator_dag.py
[2024-04-14T15:47:55.424+0000] {logging_mixin.py:188} INFO - [2024-04-14T15:47:55.424+0000] {dag.py:3047} INFO - Sync 1 DAGs
[2024-04-14T15:47:55.429+0000] {logging_mixin.py:188} INFO - [2024-04-14T15:47:55.429+0000] {dag.py:3834} INFO - Setting next_dagrun for example-docker-operator-dag to None, run_after=None
[2024-04-14T15:47:55.440+0000] {processor.py:183} INFO - Processing /opt/airflow/dags/example_docker_operator_dag.py took 0.100 seconds
[2024-04-14T15:48:25.537+0000] {processor.py:161} INFO - Started process (PID=88) to work on /opt/airflow/dags/example_docker_operator_dag.py
[2024-04-14T15:48:25.537+0000] {processor.py:830} INFO - Processing file /opt/airflow/dags/example_docker_operator_dag.py for tasks to queue
[2024-04-14T15:48:25.538+0000] {logging_mixin.py:188} INFO - [2024-04-14T15:48:25.538+0000] {dagbag.py:540} INFO - Filling up the DagBag from /opt/airflow/dags/example_docker_operator_dag.py
[2024-04-14T15:48:25.543+0000] {processor.py:840} INFO - DAG(s) 'example-docker-operator-dag' retrieved from /opt/airflow/dags/example_docker_operator_dag.py
[2024-04-14T15:48:25.616+0000] {logging_mixin.py:188} INFO - [2024-04-14T15:48:25.615+0000] {dag.py:3047} INFO - Sync 1 DAGs
[2024-04-14T15:48:25.624+0000] {logging_mixin.py:188} INFO - [2024-04-14T15:48:25.624+0000] {dag.py:3834} INFO - Setting next_dagrun for example-docker-operator-dag to None, run_after=None
[2024-04-14T15:48:25.642+0000] {processor.py:183} INFO - Processing /opt/airflow/dags/example_docker_operator_dag.py took 0.107 seconds
[2024-04-14T15:48:55.760+0000] {processor.py:161} INFO - Started process (PID=95) to work on /opt/airflow/dags/example_docker_operator_dag.py
[2024-04-14T15:48:55.762+0000] {processor.py:830} INFO - Processing file /opt/airflow/dags/example_docker_operator_dag.py for tasks to queue
[2024-04-14T15:48:55.764+0000] {logging_mixin.py:188} INFO - [2024-04-14T15:48:55.764+0000] {dagbag.py:540} INFO - Filling up the DagBag from /opt/airflow/dags/example_docker_operator_dag.py
[2024-04-14T15:48:55.773+0000] {processor.py:840} INFO - DAG(s) 'example-docker-operator-dag' retrieved from /opt/airflow/dags/example_docker_operator_dag.py
[2024-04-14T15:48:55.899+0000] {logging_mixin.py:188} INFO - [2024-04-14T15:48:55.899+0000] {dag.py:3047} INFO - Sync 1 DAGs
[2024-04-14T15:48:55.916+0000] {logging_mixin.py:188} INFO - [2024-04-14T15:48:55.916+0000] {dag.py:3834} INFO - Setting next_dagrun for example-docker-operator-dag to None, run_after=None
[2024-04-14T15:48:55.944+0000] {processor.py:183} INFO - Processing /opt/airflow/dags/example_docker_operator_dag.py took 0.187 seconds
[2024-04-14T15:49:26.062+0000] {processor.py:161} INFO - Started process (PID=102) to work on /opt/airflow/dags/example_docker_operator_dag.py
[2024-04-14T15:49:26.064+0000] {processor.py:830} INFO - Processing file /opt/airflow/dags/example_docker_operator_dag.py for tasks to queue
[2024-04-14T15:49:26.065+0000] {logging_mixin.py:188} INFO - [2024-04-14T15:49:26.065+0000] {dagbag.py:540} INFO - Filling up the DagBag from /opt/airflow/dags/example_docker_operator_dag.py
[2024-04-14T15:49:26.070+0000] {processor.py:840} INFO - DAG(s) 'example-docker-operator-dag' retrieved from /opt/airflow/dags/example_docker_operator_dag.py
[2024-04-14T15:49:26.150+0000] {logging_mixin.py:188} INFO - [2024-04-14T15:49:26.149+0000] {dag.py:3047} INFO - Sync 1 DAGs
[2024-04-14T15:49:26.161+0000] {logging_mixin.py:188} INFO - [2024-04-14T15:49:26.161+0000] {dag.py:3834} INFO - Setting next_dagrun for example-docker-operator-dag to None, run_after=None
[2024-04-14T15:49:26.179+0000] {processor.py:183} INFO - Processing /opt/airflow/dags/example_docker_operator_dag.py took 0.119 seconds
[2024-04-14T15:49:56.413+0000] {processor.py:161} INFO - Started process (PID=109) to work on /opt/airflow/dags/example_docker_operator_dag.py
[2024-04-14T15:49:56.413+0000] {processor.py:830} INFO - Processing file /opt/airflow/dags/example_docker_operator_dag.py for tasks to queue
[2024-04-14T15:49:56.414+0000] {logging_mixin.py:188} INFO - [2024-04-14T15:49:56.414+0000] {dagbag.py:540} INFO - Filling up the DagBag from /opt/airflow/dags/example_docker_operator_dag.py
[2024-04-14T15:49:56.419+0000] {processor.py:840} INFO - DAG(s) 'example-docker-operator-dag' retrieved from /opt/airflow/dags/example_docker_operator_dag.py
[2024-04-14T15:49:56.471+0000] {logging_mixin.py:188} INFO - [2024-04-14T15:49:56.471+0000] {dag.py:3047} INFO - Sync 1 DAGs
[2024-04-14T15:49:56.476+0000] {logging_mixin.py:188} INFO - [2024-04-14T15:49:56.476+0000] {dag.py:3834} INFO - Setting next_dagrun for example-docker-operator-dag to None, run_after=None
[2024-04-14T15:49:56.486+0000] {processor.py:183} INFO - Processing /opt/airflow/dags/example_docker_operator_dag.py took 0.074 seconds
[2024-04-14T15:50:26.586+0000] {processor.py:161} INFO - Started process (PID=115) to work on /opt/airflow/dags/example_docker_operator_dag.py
[2024-04-14T15:50:26.587+0000] {processor.py:830} INFO - Processing file /opt/airflow/dags/example_docker_operator_dag.py for tasks to queue
[2024-04-14T15:50:26.589+0000] {logging_mixin.py:188} INFO - [2024-04-14T15:50:26.588+0000] {dagbag.py:540} INFO - Filling up the DagBag from /opt/airflow/dags/example_docker_operator_dag.py
[2024-04-14T15:50:26.594+0000] {processor.py:840} INFO - DAG(s) 'example-docker-operator-dag' retrieved from /opt/airflow/dags/example_docker_operator_dag.py
[2024-04-14T15:50:26.650+0000] {logging_mixin.py:188} INFO - [2024-04-14T15:50:26.650+0000] {dag.py:3047} INFO - Sync 1 DAGs
[2024-04-14T15:50:26.656+0000] {logging_mixin.py:188} INFO - [2024-04-14T15:50:26.655+0000] {dag.py:3834} INFO - Setting next_dagrun for example-docker-operator-dag to None, run_after=None
[2024-04-14T15:50:26.680+0000] {processor.py:183} INFO - Processing /opt/airflow/dags/example_docker_operator_dag.py took 0.096 seconds
[2024-04-14T15:50:56.815+0000] {processor.py:161} INFO - Started process (PID=122) to work on /opt/airflow/dags/example_docker_operator_dag.py
[2024-04-14T15:50:56.817+0000] {processor.py:830} INFO - Processing file /opt/airflow/dags/example_docker_operator_dag.py for tasks to queue
[2024-04-14T15:50:56.819+0000] {logging_mixin.py:188} INFO - [2024-04-14T15:50:56.819+0000] {dagbag.py:540} INFO - Filling up the DagBag from /opt/airflow/dags/example_docker_operator_dag.py
[2024-04-14T15:50:56.828+0000] {processor.py:840} INFO - DAG(s) 'example-docker-operator-dag' retrieved from /opt/airflow/dags/example_docker_operator_dag.py
[2024-04-14T15:50:56.892+0000] {logging_mixin.py:188} INFO - [2024-04-14T15:50:56.892+0000] {dag.py:3047} INFO - Sync 1 DAGs
[2024-04-14T15:50:56.898+0000] {logging_mixin.py:188} INFO - [2024-04-14T15:50:56.897+0000] {dag.py:3834} INFO - Setting next_dagrun for example-docker-operator-dag to None, run_after=None
[2024-04-14T15:50:56.916+0000] {processor.py:183} INFO - Processing /opt/airflow/dags/example_docker_operator_dag.py took 0.102 seconds
[2024-04-14T15:51:27.160+0000] {processor.py:161} INFO - Started process (PID=129) to work on /opt/airflow/dags/example_docker_operator_dag.py
[2024-04-14T15:51:27.162+0000] {processor.py:830} INFO - Processing file /opt/airflow/dags/example_docker_operator_dag.py for tasks to queue
[2024-04-14T15:51:27.163+0000] {logging_mixin.py:188} INFO - [2024-04-14T15:51:27.163+0000] {dagbag.py:540} INFO - Filling up the DagBag from /opt/airflow/dags/example_docker_operator_dag.py
[2024-04-14T15:51:27.167+0000] {processor.py:840} INFO - DAG(s) 'example-docker-operator-dag' retrieved from /opt/airflow/dags/example_docker_operator_dag.py
[2024-04-14T15:51:27.219+0000] {logging_mixin.py:188} INFO - [2024-04-14T15:51:27.219+0000] {dag.py:3047} INFO - Sync 1 DAGs
[2024-04-14T15:51:27.224+0000] {logging_mixin.py:188} INFO - [2024-04-14T15:51:27.224+0000] {dag.py:3834} INFO - Setting next_dagrun for example-docker-operator-dag to None, run_after=None
[2024-04-14T15:51:27.234+0000] {processor.py:183} INFO - Processing /opt/airflow/dags/example_docker_operator_dag.py took 0.075 seconds
[2024-04-14T15:51:57.383+0000] {processor.py:161} INFO - Started process (PID=136) to work on /opt/airflow/dags/example_docker_operator_dag.py
[2024-04-14T15:51:57.385+0000] {processor.py:830} INFO - Processing file /opt/airflow/dags/example_docker_operator_dag.py for tasks to queue
[2024-04-14T15:51:57.386+0000] {logging_mixin.py:188} INFO - [2024-04-14T15:51:57.386+0000] {dagbag.py:540} INFO - Filling up the DagBag from /opt/airflow/dags/example_docker_operator_dag.py
[2024-04-14T15:51:57.391+0000] {processor.py:840} INFO - DAG(s) 'example-docker-operator-dag' retrieved from /opt/airflow/dags/example_docker_operator_dag.py
[2024-04-14T15:51:57.455+0000] {logging_mixin.py:188} INFO - [2024-04-14T15:51:57.455+0000] {dag.py:3047} INFO - Sync 1 DAGs
[2024-04-14T15:51:57.463+0000] {logging_mixin.py:188} INFO - [2024-04-14T15:51:57.462+0000] {dag.py:3834} INFO - Setting next_dagrun for example-docker-operator-dag to None, run_after=None
[2024-04-14T15:51:57.477+0000] {processor.py:183} INFO - Processing /opt/airflow/dags/example_docker_operator_dag.py took 0.097 seconds
[2024-04-14T15:52:27.566+0000] {processor.py:161} INFO - Started process (PID=143) to work on /opt/airflow/dags/example_docker_operator_dag.py
[2024-04-14T15:52:27.568+0000] {processor.py:830} INFO - Processing file /opt/airflow/dags/example_docker_operator_dag.py for tasks to queue
[2024-04-14T15:52:27.569+0000] {logging_mixin.py:188} INFO - [2024-04-14T15:52:27.569+0000] {dagbag.py:540} INFO - Filling up the DagBag from /opt/airflow/dags/example_docker_operator_dag.py
[2024-04-14T15:52:27.574+0000] {processor.py:840} INFO - DAG(s) 'example-docker-operator-dag' retrieved from /opt/airflow/dags/example_docker_operator_dag.py
[2024-04-14T15:52:27.636+0000] {logging_mixin.py:188} INFO - [2024-04-14T15:52:27.635+0000] {dag.py:3047} INFO - Sync 1 DAGs
[2024-04-14T15:52:27.641+0000] {logging_mixin.py:188} INFO - [2024-04-14T15:52:27.641+0000] {dag.py:3834} INFO - Setting next_dagrun for example-docker-operator-dag to None, run_after=None
[2024-04-14T15:52:27.649+0000] {processor.py:183} INFO - Processing /opt/airflow/dags/example_docker_operator_dag.py took 0.084 seconds
[2024-04-14T15:52:57.771+0000] {processor.py:161} INFO - Started process (PID=150) to work on /opt/airflow/dags/example_docker_operator_dag.py
[2024-04-14T15:52:57.772+0000] {processor.py:830} INFO - Processing file /opt/airflow/dags/example_docker_operator_dag.py for tasks to queue
[2024-04-14T15:52:57.773+0000] {logging_mixin.py:188} INFO - [2024-04-14T15:52:57.773+0000] {dagbag.py:540} INFO - Filling up the DagBag from /opt/airflow/dags/example_docker_operator_dag.py
[2024-04-14T15:52:57.778+0000] {processor.py:840} INFO - DAG(s) 'example-docker-operator-dag' retrieved from /opt/airflow/dags/example_docker_operator_dag.py
[2024-04-14T15:52:57.837+0000] {logging_mixin.py:188} INFO - [2024-04-14T15:52:57.837+0000] {dag.py:3047} INFO - Sync 1 DAGs
[2024-04-14T15:52:57.842+0000] {logging_mixin.py:188} INFO - [2024-04-14T15:52:57.842+0000] {dag.py:3834} INFO - Setting next_dagrun for example-docker-operator-dag to None, run_after=None
[2024-04-14T15:52:57.853+0000] {processor.py:183} INFO - Processing /opt/airflow/dags/example_docker_operator_dag.py took 0.084 seconds
[2024-04-14T15:53:28.089+0000] {processor.py:161} INFO - Started process (PID=157) to work on /opt/airflow/dags/example_docker_operator_dag.py
[2024-04-14T15:53:28.091+0000] {processor.py:830} INFO - Processing file /opt/airflow/dags/example_docker_operator_dag.py for tasks to queue
[2024-04-14T15:53:28.092+0000] {logging_mixin.py:188} INFO - [2024-04-14T15:53:28.091+0000] {dagbag.py:540} INFO - Filling up the DagBag from /opt/airflow/dags/example_docker_operator_dag.py
[2024-04-14T15:53:28.096+0000] {processor.py:840} INFO - DAG(s) 'example-docker-operator-dag' retrieved from /opt/airflow/dags/example_docker_operator_dag.py
[2024-04-14T15:53:28.158+0000] {logging_mixin.py:188} INFO - [2024-04-14T15:53:28.158+0000] {dag.py:3047} INFO - Sync 1 DAGs
[2024-04-14T15:53:28.163+0000] {logging_mixin.py:188} INFO - [2024-04-14T15:53:28.163+0000] {dag.py:3834} INFO - Setting next_dagrun for example-docker-operator-dag to None, run_after=None
[2024-04-14T15:53:28.174+0000] {processor.py:183} INFO - Processing /opt/airflow/dags/example_docker_operator_dag.py took 0.087 seconds
[2024-04-14T15:53:58.295+0000] {processor.py:161} INFO - Started process (PID=164) to work on /opt/airflow/dags/example_docker_operator_dag.py
[2024-04-14T15:53:58.296+0000] {processor.py:830} INFO - Processing file /opt/airflow/dags/example_docker_operator_dag.py for tasks to queue
[2024-04-14T15:53:58.297+0000] {logging_mixin.py:188} INFO - [2024-04-14T15:53:58.297+0000] {dagbag.py:540} INFO - Filling up the DagBag from /opt/airflow/dags/example_docker_operator_dag.py
[2024-04-14T15:53:58.302+0000] {processor.py:840} INFO - DAG(s) 'example-docker-operator-dag' retrieved from /opt/airflow/dags/example_docker_operator_dag.py
[2024-04-14T15:53:58.357+0000] {logging_mixin.py:188} INFO - [2024-04-14T15:53:58.357+0000] {dag.py:3047} INFO - Sync 1 DAGs
[2024-04-14T15:53:58.362+0000] {logging_mixin.py:188} INFO - [2024-04-14T15:53:58.362+0000] {dag.py:3834} INFO - Setting next_dagrun for example-docker-operator-dag to None, run_after=None
[2024-04-14T15:53:58.375+0000] {processor.py:183} INFO - Processing /opt/airflow/dags/example_docker_operator_dag.py took 0.082 seconds
[2024-04-14T15:54:28.512+0000] {processor.py:161} INFO - Started process (PID=171) to work on /opt/airflow/dags/example_docker_operator_dag.py
[2024-04-14T15:54:28.514+0000] {processor.py:830} INFO - Processing file /opt/airflow/dags/example_docker_operator_dag.py for tasks to queue
[2024-04-14T15:54:28.516+0000] {logging_mixin.py:188} INFO - [2024-04-14T15:54:28.516+0000] {dagbag.py:540} INFO - Filling up the DagBag from /opt/airflow/dags/example_docker_operator_dag.py
[2024-04-14T15:54:28.525+0000] {processor.py:840} INFO - DAG(s) 'example-docker-operator-dag' retrieved from /opt/airflow/dags/example_docker_operator_dag.py
[2024-04-14T15:54:28.622+0000] {logging_mixin.py:188} INFO - [2024-04-14T15:54:28.621+0000] {dag.py:3047} INFO - Sync 1 DAGs
[2024-04-14T15:54:28.629+0000] {logging_mixin.py:188} INFO - [2024-04-14T15:54:28.629+0000] {dag.py:3834} INFO - Setting next_dagrun for example-docker-operator-dag to None, run_after=None
[2024-04-14T15:54:28.643+0000] {processor.py:183} INFO - Processing /opt/airflow/dags/example_docker_operator_dag.py took 0.133 seconds
[2024-04-14T15:54:58.707+0000] {processor.py:161} INFO - Started process (PID=177) to work on /opt/airflow/dags/example_docker_operator_dag.py
[2024-04-14T15:54:58.707+0000] {processor.py:830} INFO - Processing file /opt/airflow/dags/example_docker_operator_dag.py for tasks to queue
[2024-04-14T15:54:58.708+0000] {logging_mixin.py:188} INFO - [2024-04-14T15:54:58.708+0000] {dagbag.py:540} INFO - Filling up the DagBag from /opt/airflow/dags/example_docker_operator_dag.py
[2024-04-14T15:54:58.713+0000] {processor.py:840} INFO - DAG(s) 'example-docker-operator-dag' retrieved from /opt/airflow/dags/example_docker_operator_dag.py
[2024-04-14T15:54:58.775+0000] {logging_mixin.py:188} INFO - [2024-04-14T15:54:58.775+0000] {dag.py:3047} INFO - Sync 1 DAGs
[2024-04-14T15:54:58.780+0000] {logging_mixin.py:188} INFO - [2024-04-14T15:54:58.780+0000] {dag.py:3834} INFO - Setting next_dagrun for example-docker-operator-dag to None, run_after=None
[2024-04-14T15:54:58.791+0000] {processor.py:183} INFO - Processing /opt/airflow/dags/example_docker_operator_dag.py took 0.086 seconds
[2024-04-14T15:55:28.963+0000] {processor.py:161} INFO - Started process (PID=184) to work on /opt/airflow/dags/example_docker_operator_dag.py
[2024-04-14T15:55:28.965+0000] {processor.py:830} INFO - Processing file /opt/airflow/dags/example_docker_operator_dag.py for tasks to queue
[2024-04-14T15:55:28.966+0000] {logging_mixin.py:188} INFO - [2024-04-14T15:55:28.966+0000] {dagbag.py:540} INFO - Filling up the DagBag from /opt/airflow/dags/example_docker_operator_dag.py
[2024-04-14T15:55:28.972+0000] {processor.py:840} INFO - DAG(s) 'example-docker-operator-dag' retrieved from /opt/airflow/dags/example_docker_operator_dag.py
[2024-04-14T15:55:29.032+0000] {logging_mixin.py:188} INFO - [2024-04-14T15:55:29.031+0000] {dag.py:3047} INFO - Sync 1 DAGs
[2024-04-14T15:55:29.037+0000] {logging_mixin.py:188} INFO - [2024-04-14T15:55:29.036+0000] {dag.py:3834} INFO - Setting next_dagrun for example-docker-operator-dag to None, run_after=None
[2024-04-14T15:55:29.046+0000] {processor.py:183} INFO - Processing /opt/airflow/dags/example_docker_operator_dag.py took 0.084 seconds
[2024-04-14T15:55:59.294+0000] {processor.py:161} INFO - Started process (PID=191) to work on /opt/airflow/dags/example_docker_operator_dag.py
[2024-04-14T15:55:59.295+0000] {processor.py:830} INFO - Processing file /opt/airflow/dags/example_docker_operator_dag.py for tasks to queue
[2024-04-14T15:55:59.296+0000] {logging_mixin.py:188} INFO - [2024-04-14T15:55:59.296+0000] {dagbag.py:540} INFO - Filling up the DagBag from /opt/airflow/dags/example_docker_operator_dag.py
[2024-04-14T15:55:59.301+0000] {processor.py:840} INFO - DAG(s) 'example-docker-operator-dag' retrieved from /opt/airflow/dags/example_docker_operator_dag.py
[2024-04-14T15:55:59.352+0000] {logging_mixin.py:188} INFO - [2024-04-14T15:55:59.352+0000] {dag.py:3047} INFO - Sync 1 DAGs
[2024-04-14T15:55:59.357+0000] {logging_mixin.py:188} INFO - [2024-04-14T15:55:59.357+0000] {dag.py:3834} INFO - Setting next_dagrun for example-docker-operator-dag to None, run_after=None
[2024-04-14T15:55:59.366+0000] {processor.py:183} INFO - Processing /opt/airflow/dags/example_docker_operator_dag.py took 0.075 seconds
[2024-04-14T15:56:29.470+0000] {processor.py:161} INFO - Started process (PID=198) to work on /opt/airflow/dags/example_docker_operator_dag.py
[2024-04-14T15:56:29.472+0000] {processor.py:830} INFO - Processing file /opt/airflow/dags/example_docker_operator_dag.py for tasks to queue
[2024-04-14T15:56:29.473+0000] {logging_mixin.py:188} INFO - [2024-04-14T15:56:29.473+0000] {dagbag.py:540} INFO - Filling up the DagBag from /opt/airflow/dags/example_docker_operator_dag.py
[2024-04-14T15:56:29.479+0000] {processor.py:840} INFO - DAG(s) 'example-docker-operator-dag' retrieved from /opt/airflow/dags/example_docker_operator_dag.py
[2024-04-14T15:56:29.541+0000] {logging_mixin.py:188} INFO - [2024-04-14T15:56:29.541+0000] {dag.py:3047} INFO - Sync 1 DAGs
[2024-04-14T15:56:29.548+0000] {logging_mixin.py:188} INFO - [2024-04-14T15:56:29.547+0000] {dag.py:3834} INFO - Setting next_dagrun for example-docker-operator-dag to None, run_after=None
[2024-04-14T15:56:29.559+0000] {processor.py:183} INFO - Processing /opt/airflow/dags/example_docker_operator_dag.py took 0.090 seconds
[2024-04-14T15:56:37.540+0000] {processor.py:161} INFO - Started process (PID=199) to work on /opt/airflow/dags/example_docker_operator_dag.py
[2024-04-14T15:56:37.542+0000] {processor.py:830} INFO - Processing file /opt/airflow/dags/example_docker_operator_dag.py for tasks to queue
[2024-04-14T15:56:37.543+0000] {logging_mixin.py:188} INFO - [2024-04-14T15:56:37.543+0000] {dagbag.py:540} INFO - Filling up the DagBag from /opt/airflow/dags/example_docker_operator_dag.py
[2024-04-14T15:56:37.549+0000] {processor.py:840} INFO - DAG(s) 'example-docker-operator-dag' retrieved from /opt/airflow/dags/example_docker_operator_dag.py
[2024-04-14T15:56:37.556+0000] {logging_mixin.py:188} INFO - [2024-04-14T15:56:37.556+0000] {dag.py:3047} INFO - Sync 1 DAGs
[2024-04-14T15:56:37.563+0000] {logging_mixin.py:188} INFO - [2024-04-14T15:56:37.563+0000] {dag.py:3834} INFO - Setting next_dagrun for example-docker-operator-dag to None, run_after=None
[2024-04-14T15:56:37.574+0000] {processor.py:183} INFO - Processing /opt/airflow/dags/example_docker_operator_dag.py took 0.037 seconds
[2024-04-14T15:57:07.678+0000] {processor.py:161} INFO - Started process (PID=206) to work on /opt/airflow/dags/example_docker_operator_dag.py
[2024-04-14T15:57:07.680+0000] {processor.py:830} INFO - Processing file /opt/airflow/dags/example_docker_operator_dag.py for tasks to queue
[2024-04-14T15:57:07.682+0000] {logging_mixin.py:188} INFO - [2024-04-14T15:57:07.681+0000] {dagbag.py:540} INFO - Filling up the DagBag from /opt/airflow/dags/example_docker_operator_dag.py
[2024-04-14T15:57:07.688+0000] {processor.py:840} INFO - DAG(s) 'example-docker-operator-dag' retrieved from /opt/airflow/dags/example_docker_operator_dag.py
[2024-04-14T15:57:07.742+0000] {logging_mixin.py:188} INFO - [2024-04-14T15:57:07.742+0000] {dag.py:3047} INFO - Sync 1 DAGs
[2024-04-14T15:57:07.747+0000] {logging_mixin.py:188} INFO - [2024-04-14T15:57:07.747+0000] {dag.py:3834} INFO - Setting next_dagrun for example-docker-operator-dag to None, run_after=None
[2024-04-14T15:57:07.755+0000] {processor.py:183} INFO - Processing /opt/airflow/dags/example_docker_operator_dag.py took 0.080 seconds
[2024-04-14T15:57:37.968+0000] {processor.py:161} INFO - Started process (PID=213) to work on /opt/airflow/dags/example_docker_operator_dag.py
[2024-04-14T15:57:37.970+0000] {processor.py:830} INFO - Processing file /opt/airflow/dags/example_docker_operator_dag.py for tasks to queue
[2024-04-14T15:57:37.971+0000] {logging_mixin.py:188} INFO - [2024-04-14T15:57:37.971+0000] {dagbag.py:540} INFO - Filling up the DagBag from /opt/airflow/dags/example_docker_operator_dag.py
[2024-04-14T15:57:37.977+0000] {processor.py:840} INFO - DAG(s) 'example-docker-operator-dag' retrieved from /opt/airflow/dags/example_docker_operator_dag.py
[2024-04-14T15:57:38.045+0000] {logging_mixin.py:188} INFO - [2024-04-14T15:57:38.045+0000] {dag.py:3047} INFO - Sync 1 DAGs
[2024-04-14T15:57:38.052+0000] {logging_mixin.py:188} INFO - [2024-04-14T15:57:38.052+0000] {dag.py:3834} INFO - Setting next_dagrun for example-docker-operator-dag to None, run_after=None
[2024-04-14T15:57:38.065+0000] {processor.py:183} INFO - Processing /opt/airflow/dags/example_docker_operator_dag.py took 0.098 seconds
[2024-04-14T15:58:08.222+0000] {processor.py:161} INFO - Started process (PID=220) to work on /opt/airflow/dags/example_docker_operator_dag.py
[2024-04-14T15:58:08.225+0000] {processor.py:830} INFO - Processing file /opt/airflow/dags/example_docker_operator_dag.py for tasks to queue
[2024-04-14T15:58:08.226+0000] {logging_mixin.py:188} INFO - [2024-04-14T15:58:08.226+0000] {dagbag.py:540} INFO - Filling up the DagBag from /opt/airflow/dags/example_docker_operator_dag.py
[2024-04-14T15:58:08.231+0000] {processor.py:840} INFO - DAG(s) 'example-docker-operator-dag' retrieved from /opt/airflow/dags/example_docker_operator_dag.py
[2024-04-14T15:58:08.317+0000] {logging_mixin.py:188} INFO - [2024-04-14T15:58:08.317+0000] {dag.py:3047} INFO - Sync 1 DAGs
[2024-04-14T15:58:08.325+0000] {logging_mixin.py:188} INFO - [2024-04-14T15:58:08.324+0000] {dag.py:3834} INFO - Setting next_dagrun for example-docker-operator-dag to None, run_after=None
[2024-04-14T15:58:08.341+0000] {processor.py:183} INFO - Processing /opt/airflow/dags/example_docker_operator_dag.py took 0.122 seconds
[2024-04-14T15:58:38.481+0000] {processor.py:161} INFO - Started process (PID=227) to work on /opt/airflow/dags/example_docker_operator_dag.py
[2024-04-14T15:58:38.481+0000] {processor.py:830} INFO - Processing file /opt/airflow/dags/example_docker_operator_dag.py for tasks to queue
[2024-04-14T15:58:38.482+0000] {logging_mixin.py:188} INFO - [2024-04-14T15:58:38.482+0000] {dagbag.py:540} INFO - Filling up the DagBag from /opt/airflow/dags/example_docker_operator_dag.py
[2024-04-14T15:58:38.488+0000] {processor.py:840} INFO - DAG(s) 'example-docker-operator-dag' retrieved from /opt/airflow/dags/example_docker_operator_dag.py
[2024-04-14T15:58:38.555+0000] {logging_mixin.py:188} INFO - [2024-04-14T15:58:38.555+0000] {dag.py:3047} INFO - Sync 1 DAGs
[2024-04-14T15:58:38.561+0000] {logging_mixin.py:188} INFO - [2024-04-14T15:58:38.560+0000] {dag.py:3834} INFO - Setting next_dagrun for example-docker-operator-dag to None, run_after=None
[2024-04-14T15:58:38.573+0000] {processor.py:183} INFO - Processing /opt/airflow/dags/example_docker_operator_dag.py took 0.094 seconds
[2024-04-14T15:59:08.660+0000] {processor.py:161} INFO - Started process (PID=234) to work on /opt/airflow/dags/example_docker_operator_dag.py
[2024-04-14T15:59:08.662+0000] {processor.py:830} INFO - Processing file /opt/airflow/dags/example_docker_operator_dag.py for tasks to queue
[2024-04-14T15:59:08.663+0000] {logging_mixin.py:188} INFO - [2024-04-14T15:59:08.663+0000] {dagbag.py:540} INFO - Filling up the DagBag from /opt/airflow/dags/example_docker_operator_dag.py
[2024-04-14T15:59:08.668+0000] {processor.py:840} INFO - DAG(s) 'example-docker-operator-dag' retrieved from /opt/airflow/dags/example_docker_operator_dag.py
[2024-04-14T15:59:08.722+0000] {logging_mixin.py:188} INFO - [2024-04-14T15:59:08.722+0000] {dag.py:3047} INFO - Sync 1 DAGs
[2024-04-14T15:59:08.727+0000] {logging_mixin.py:188} INFO - [2024-04-14T15:59:08.727+0000] {dag.py:3834} INFO - Setting next_dagrun for example-docker-operator-dag to None, run_after=None
[2024-04-14T15:59:08.738+0000] {processor.py:183} INFO - Processing /opt/airflow/dags/example_docker_operator_dag.py took 0.081 seconds
[2024-04-14T15:59:38.844+0000] {processor.py:161} INFO - Started process (PID=241) to work on /opt/airflow/dags/example_docker_operator_dag.py
[2024-04-14T15:59:38.845+0000] {processor.py:830} INFO - Processing file /opt/airflow/dags/example_docker_operator_dag.py for tasks to queue
[2024-04-14T15:59:38.847+0000] {logging_mixin.py:188} INFO - [2024-04-14T15:59:38.847+0000] {dagbag.py:540} INFO - Filling up the DagBag from /opt/airflow/dags/example_docker_operator_dag.py
[2024-04-14T15:59:38.855+0000] {processor.py:840} INFO - DAG(s) 'example-docker-operator-dag' retrieved from /opt/airflow/dags/example_docker_operator_dag.py
[2024-04-14T15:59:38.991+0000] {logging_mixin.py:188} INFO - [2024-04-14T15:59:38.990+0000] {dag.py:3047} INFO - Sync 1 DAGs
[2024-04-14T15:59:38.996+0000] {logging_mixin.py:188} INFO - [2024-04-14T15:59:38.996+0000] {dag.py:3834} INFO - Setting next_dagrun for example-docker-operator-dag to None, run_after=None
[2024-04-14T15:59:39.009+0000] {processor.py:183} INFO - Processing /opt/airflow/dags/example_docker_operator_dag.py took 0.168 seconds
[2024-04-14T16:00:09.161+0000] {processor.py:161} INFO - Started process (PID=248) to work on /opt/airflow/dags/example_docker_operator_dag.py
[2024-04-14T16:00:09.163+0000] {processor.py:830} INFO - Processing file /opt/airflow/dags/example_docker_operator_dag.py for tasks to queue
[2024-04-14T16:00:09.164+0000] {logging_mixin.py:188} INFO - [2024-04-14T16:00:09.164+0000] {dagbag.py:540} INFO - Filling up the DagBag from /opt/airflow/dags/example_docker_operator_dag.py
[2024-04-14T16:00:09.170+0000] {processor.py:840} INFO - DAG(s) 'example-docker-operator-dag' retrieved from /opt/airflow/dags/example_docker_operator_dag.py
[2024-04-14T16:00:09.225+0000] {logging_mixin.py:188} INFO - [2024-04-14T16:00:09.225+0000] {dag.py:3047} INFO - Sync 1 DAGs
[2024-04-14T16:00:09.230+0000] {logging_mixin.py:188} INFO - [2024-04-14T16:00:09.230+0000] {dag.py:3834} INFO - Setting next_dagrun for example-docker-operator-dag to None, run_after=None
[2024-04-14T16:00:09.241+0000] {processor.py:183} INFO - Processing /opt/airflow/dags/example_docker_operator_dag.py took 0.082 seconds
[2024-04-14T16:00:39.394+0000] {processor.py:161} INFO - Started process (PID=255) to work on /opt/airflow/dags/example_docker_operator_dag.py
[2024-04-14T16:00:39.396+0000] {processor.py:830} INFO - Processing file /opt/airflow/dags/example_docker_operator_dag.py for tasks to queue
[2024-04-14T16:00:39.398+0000] {logging_mixin.py:188} INFO - [2024-04-14T16:00:39.398+0000] {dagbag.py:540} INFO - Filling up the DagBag from /opt/airflow/dags/example_docker_operator_dag.py
[2024-04-14T16:00:39.407+0000] {processor.py:840} INFO - DAG(s) 'example-docker-operator-dag' retrieved from /opt/airflow/dags/example_docker_operator_dag.py
[2024-04-14T16:00:39.489+0000] {logging_mixin.py:188} INFO - [2024-04-14T16:00:39.489+0000] {dag.py:3047} INFO - Sync 1 DAGs
[2024-04-14T16:00:39.497+0000] {logging_mixin.py:188} INFO - [2024-04-14T16:00:39.497+0000] {dag.py:3834} INFO - Setting next_dagrun for example-docker-operator-dag to None, run_after=None
[2024-04-14T16:00:39.513+0000] {processor.py:183} INFO - Processing /opt/airflow/dags/example_docker_operator_dag.py took 0.121 seconds
[2024-04-14T16:01:10.806+0000] {processor.py:161} INFO - Started process (PID=38) to work on /opt/airflow/dags/example_docker_operator_dag.py
[2024-04-14T16:01:10.807+0000] {processor.py:830} INFO - Processing file /opt/airflow/dags/example_docker_operator_dag.py for tasks to queue
[2024-04-14T16:01:10.808+0000] {logging_mixin.py:188} INFO - [2024-04-14T16:01:10.808+0000] {dagbag.py:540} INFO - Filling up the DagBag from /opt/airflow/dags/example_docker_operator_dag.py
[2024-04-14T16:01:10.816+0000] {processor.py:840} INFO - DAG(s) 'example-docker-operator-dag' retrieved from /opt/airflow/dags/example_docker_operator_dag.py
[2024-04-14T16:01:10.888+0000] {logging_mixin.py:188} INFO - [2024-04-14T16:01:10.888+0000] {dag.py:3047} INFO - Sync 1 DAGs
[2024-04-14T16:01:10.895+0000] {logging_mixin.py:188} INFO - [2024-04-14T16:01:10.895+0000] {dag.py:3834} INFO - Setting next_dagrun for example-docker-operator-dag to None, run_after=None
[2024-04-14T16:01:10.908+0000] {processor.py:183} INFO - Processing /opt/airflow/dags/example_docker_operator_dag.py took 0.105 seconds
[2024-04-14T16:01:40.958+0000] {processor.py:161} INFO - Started process (PID=45) to work on /opt/airflow/dags/example_docker_operator_dag.py
[2024-04-14T16:01:40.959+0000] {processor.py:830} INFO - Processing file /opt/airflow/dags/example_docker_operator_dag.py for tasks to queue
[2024-04-14T16:01:40.959+0000] {logging_mixin.py:188} INFO - [2024-04-14T16:01:40.959+0000] {dagbag.py:540} INFO - Filling up the DagBag from /opt/airflow/dags/example_docker_operator_dag.py
[2024-04-14T16:01:40.968+0000] {processor.py:840} INFO - DAG(s) 'example-docker-operator-dag' retrieved from /opt/airflow/dags/example_docker_operator_dag.py
[2024-04-14T16:01:41.052+0000] {logging_mixin.py:188} INFO - [2024-04-14T16:01:41.052+0000] {dag.py:3047} INFO - Sync 1 DAGs
[2024-04-14T16:01:41.060+0000] {logging_mixin.py:188} INFO - [2024-04-14T16:01:41.060+0000] {dag.py:3834} INFO - Setting next_dagrun for example-docker-operator-dag to None, run_after=None
[2024-04-14T16:01:41.078+0000] {processor.py:183} INFO - Processing /opt/airflow/dags/example_docker_operator_dag.py took 0.123 seconds
[2024-04-14T16:02:11.158+0000] {processor.py:161} INFO - Started process (PID=52) to work on /opt/airflow/dags/example_docker_operator_dag.py
[2024-04-14T16:02:11.158+0000] {processor.py:830} INFO - Processing file /opt/airflow/dags/example_docker_operator_dag.py for tasks to queue
[2024-04-14T16:02:11.159+0000] {logging_mixin.py:188} INFO - [2024-04-14T16:02:11.159+0000] {dagbag.py:540} INFO - Filling up the DagBag from /opt/airflow/dags/example_docker_operator_dag.py
[2024-04-14T16:02:11.166+0000] {processor.py:840} INFO - DAG(s) 'example-docker-operator-dag' retrieved from /opt/airflow/dags/example_docker_operator_dag.py
[2024-04-14T16:02:11.248+0000] {logging_mixin.py:188} INFO - [2024-04-14T16:02:11.247+0000] {dag.py:3047} INFO - Sync 1 DAGs
[2024-04-14T16:02:11.255+0000] {logging_mixin.py:188} INFO - [2024-04-14T16:02:11.255+0000] {dag.py:3834} INFO - Setting next_dagrun for example-docker-operator-dag to None, run_after=None
[2024-04-14T16:02:11.270+0000] {processor.py:183} INFO - Processing /opt/airflow/dags/example_docker_operator_dag.py took 0.115 seconds
[2024-04-14T16:02:41.449+0000] {processor.py:161} INFO - Started process (PID=59) to work on /opt/airflow/dags/example_docker_operator_dag.py
[2024-04-14T16:02:41.451+0000] {processor.py:830} INFO - Processing file /opt/airflow/dags/example_docker_operator_dag.py for tasks to queue
[2024-04-14T16:02:41.452+0000] {logging_mixin.py:188} INFO - [2024-04-14T16:02:41.452+0000] {dagbag.py:540} INFO - Filling up the DagBag from /opt/airflow/dags/example_docker_operator_dag.py
[2024-04-14T16:02:41.459+0000] {processor.py:840} INFO - DAG(s) 'example-docker-operator-dag' retrieved from /opt/airflow/dags/example_docker_operator_dag.py
[2024-04-14T16:02:41.522+0000] {logging_mixin.py:188} INFO - [2024-04-14T16:02:41.522+0000] {dag.py:3047} INFO - Sync 1 DAGs
[2024-04-14T16:02:41.527+0000] {logging_mixin.py:188} INFO - [2024-04-14T16:02:41.527+0000] {dag.py:3834} INFO - Setting next_dagrun for example-docker-operator-dag to None, run_after=None
[2024-04-14T16:02:41.538+0000] {processor.py:183} INFO - Processing /opt/airflow/dags/example_docker_operator_dag.py took 0.092 seconds
[2024-04-14T16:03:11.643+0000] {processor.py:161} INFO - Started process (PID=66) to work on /opt/airflow/dags/example_docker_operator_dag.py
[2024-04-14T16:03:11.645+0000] {processor.py:830} INFO - Processing file /opt/airflow/dags/example_docker_operator_dag.py for tasks to queue
[2024-04-14T16:03:11.646+0000] {logging_mixin.py:188} INFO - [2024-04-14T16:03:11.646+0000] {dagbag.py:540} INFO - Filling up the DagBag from /opt/airflow/dags/example_docker_operator_dag.py
[2024-04-14T16:03:11.652+0000] {processor.py:840} INFO - DAG(s) 'example-docker-operator-dag' retrieved from /opt/airflow/dags/example_docker_operator_dag.py
[2024-04-14T16:03:11.704+0000] {logging_mixin.py:188} INFO - [2024-04-14T16:03:11.704+0000] {dag.py:3047} INFO - Sync 1 DAGs
[2024-04-14T16:03:11.709+0000] {logging_mixin.py:188} INFO - [2024-04-14T16:03:11.709+0000] {dag.py:3834} INFO - Setting next_dagrun for example-docker-operator-dag to None, run_after=None
[2024-04-14T16:03:11.718+0000] {processor.py:183} INFO - Processing /opt/airflow/dags/example_docker_operator_dag.py took 0.077 seconds
[2024-04-14T16:03:41.981+0000] {processor.py:161} INFO - Started process (PID=73) to work on /opt/airflow/dags/example_docker_operator_dag.py
[2024-04-14T16:03:41.982+0000] {processor.py:830} INFO - Processing file /opt/airflow/dags/example_docker_operator_dag.py for tasks to queue
[2024-04-14T16:03:41.983+0000] {logging_mixin.py:188} INFO - [2024-04-14T16:03:41.983+0000] {dagbag.py:540} INFO - Filling up the DagBag from /opt/airflow/dags/example_docker_operator_dag.py
[2024-04-14T16:03:41.988+0000] {processor.py:840} INFO - DAG(s) 'example-docker-operator-dag' retrieved from /opt/airflow/dags/example_docker_operator_dag.py
[2024-04-14T16:03:42.043+0000] {logging_mixin.py:188} INFO - [2024-04-14T16:03:42.043+0000] {dag.py:3047} INFO - Sync 1 DAGs
[2024-04-14T16:03:42.048+0000] {logging_mixin.py:188} INFO - [2024-04-14T16:03:42.048+0000] {dag.py:3834} INFO - Setting next_dagrun for example-docker-operator-dag to None, run_after=None
[2024-04-14T16:03:42.058+0000] {processor.py:183} INFO - Processing /opt/airflow/dags/example_docker_operator_dag.py took 0.079 seconds
[2024-04-14T16:04:12.247+0000] {processor.py:161} INFO - Started process (PID=80) to work on /opt/airflow/dags/example_docker_operator_dag.py
[2024-04-14T16:04:12.249+0000] {processor.py:830} INFO - Processing file /opt/airflow/dags/example_docker_operator_dag.py for tasks to queue
[2024-04-14T16:04:12.250+0000] {logging_mixin.py:188} INFO - [2024-04-14T16:04:12.250+0000] {dagbag.py:540} INFO - Filling up the DagBag from /opt/airflow/dags/example_docker_operator_dag.py
[2024-04-14T16:04:12.259+0000] {processor.py:840} INFO - DAG(s) 'example-docker-operator-dag' retrieved from /opt/airflow/dags/example_docker_operator_dag.py
[2024-04-14T16:04:12.361+0000] {logging_mixin.py:188} INFO - [2024-04-14T16:04:12.361+0000] {dag.py:3047} INFO - Sync 1 DAGs
[2024-04-14T16:04:12.372+0000] {logging_mixin.py:188} INFO - [2024-04-14T16:04:12.372+0000] {dag.py:3834} INFO - Setting next_dagrun for example-docker-operator-dag to None, run_after=None
[2024-04-14T16:04:12.391+0000] {processor.py:183} INFO - Processing /opt/airflow/dags/example_docker_operator_dag.py took 0.147 seconds
[2024-04-14T16:04:42.486+0000] {processor.py:161} INFO - Started process (PID=87) to work on /opt/airflow/dags/example_docker_operator_dag.py
[2024-04-14T16:04:42.488+0000] {processor.py:830} INFO - Processing file /opt/airflow/dags/example_docker_operator_dag.py for tasks to queue
[2024-04-14T16:04:42.489+0000] {logging_mixin.py:188} INFO - [2024-04-14T16:04:42.489+0000] {dagbag.py:540} INFO - Filling up the DagBag from /opt/airflow/dags/example_docker_operator_dag.py
[2024-04-14T16:04:42.494+0000] {processor.py:840} INFO - DAG(s) 'example-docker-operator-dag' retrieved from /opt/airflow/dags/example_docker_operator_dag.py
[2024-04-14T16:04:42.553+0000] {logging_mixin.py:188} INFO - [2024-04-14T16:04:42.552+0000] {dag.py:3047} INFO - Sync 1 DAGs
[2024-04-14T16:04:42.559+0000] {logging_mixin.py:188} INFO - [2024-04-14T16:04:42.559+0000] {dag.py:3834} INFO - Setting next_dagrun for example-docker-operator-dag to None, run_after=None
[2024-04-14T16:04:42.573+0000] {processor.py:183} INFO - Processing /opt/airflow/dags/example_docker_operator_dag.py took 0.088 seconds
[2024-04-14T16:05:12.689+0000] {processor.py:161} INFO - Started process (PID=94) to work on /opt/airflow/dags/example_docker_operator_dag.py
[2024-04-14T16:05:12.690+0000] {processor.py:830} INFO - Processing file /opt/airflow/dags/example_docker_operator_dag.py for tasks to queue
[2024-04-14T16:05:12.692+0000] {logging_mixin.py:188} INFO - [2024-04-14T16:05:12.691+0000] {dagbag.py:540} INFO - Filling up the DagBag from /opt/airflow/dags/example_docker_operator_dag.py
[2024-04-14T16:05:12.698+0000] {processor.py:840} INFO - DAG(s) 'example-docker-operator-dag' retrieved from /opt/airflow/dags/example_docker_operator_dag.py
[2024-04-14T16:05:12.779+0000] {logging_mixin.py:188} INFO - [2024-04-14T16:05:12.779+0000] {dag.py:3047} INFO - Sync 1 DAGs
[2024-04-14T16:05:12.786+0000] {logging_mixin.py:188} INFO - [2024-04-14T16:05:12.786+0000] {dag.py:3834} INFO - Setting next_dagrun for example-docker-operator-dag to None, run_after=None
[2024-04-14T16:05:12.801+0000] {processor.py:183} INFO - Processing /opt/airflow/dags/example_docker_operator_dag.py took 0.114 seconds
[2024-04-14T16:05:42.994+0000] {processor.py:161} INFO - Started process (PID=101) to work on /opt/airflow/dags/example_docker_operator_dag.py
[2024-04-14T16:05:42.995+0000] {processor.py:830} INFO - Processing file /opt/airflow/dags/example_docker_operator_dag.py for tasks to queue
[2024-04-14T16:05:42.997+0000] {logging_mixin.py:188} INFO - [2024-04-14T16:05:42.997+0000] {dagbag.py:540} INFO - Filling up the DagBag from /opt/airflow/dags/example_docker_operator_dag.py
[2024-04-14T16:05:43.003+0000] {processor.py:840} INFO - DAG(s) 'example-docker-operator-dag' retrieved from /opt/airflow/dags/example_docker_operator_dag.py
[2024-04-14T16:05:43.061+0000] {logging_mixin.py:188} INFO - [2024-04-14T16:05:43.061+0000] {dag.py:3047} INFO - Sync 1 DAGs
[2024-04-14T16:05:43.067+0000] {logging_mixin.py:188} INFO - [2024-04-14T16:05:43.066+0000] {dag.py:3834} INFO - Setting next_dagrun for example-docker-operator-dag to None, run_after=None
[2024-04-14T16:05:43.078+0000] {processor.py:183} INFO - Processing /opt/airflow/dags/example_docker_operator_dag.py took 0.086 seconds
[2024-04-14T16:06:13.306+0000] {processor.py:161} INFO - Started process (PID=107) to work on /opt/airflow/dags/example_docker_operator_dag.py
[2024-04-14T16:06:13.308+0000] {processor.py:830} INFO - Processing file /opt/airflow/dags/example_docker_operator_dag.py for tasks to queue
[2024-04-14T16:06:13.309+0000] {logging_mixin.py:188} INFO - [2024-04-14T16:06:13.309+0000] {dagbag.py:540} INFO - Filling up the DagBag from /opt/airflow/dags/example_docker_operator_dag.py
[2024-04-14T16:06:13.314+0000] {processor.py:840} INFO - DAG(s) 'example-docker-operator-dag' retrieved from /opt/airflow/dags/example_docker_operator_dag.py
[2024-04-14T16:06:13.367+0000] {logging_mixin.py:188} INFO - [2024-04-14T16:06:13.367+0000] {dag.py:3047} INFO - Sync 1 DAGs
[2024-04-14T16:06:13.372+0000] {logging_mixin.py:188} INFO - [2024-04-14T16:06:13.371+0000] {dag.py:3834} INFO - Setting next_dagrun for example-docker-operator-dag to None, run_after=None
[2024-04-14T16:06:13.382+0000] {processor.py:183} INFO - Processing /opt/airflow/dags/example_docker_operator_dag.py took 0.077 seconds
[2024-04-14T16:06:43.501+0000] {processor.py:161} INFO - Started process (PID=114) to work on /opt/airflow/dags/example_docker_operator_dag.py
[2024-04-14T16:06:43.504+0000] {processor.py:830} INFO - Processing file /opt/airflow/dags/example_docker_operator_dag.py for tasks to queue
[2024-04-14T16:06:43.505+0000] {logging_mixin.py:188} INFO - [2024-04-14T16:06:43.505+0000] {dagbag.py:540} INFO - Filling up the DagBag from /opt/airflow/dags/example_docker_operator_dag.py
[2024-04-14T16:06:43.515+0000] {processor.py:840} INFO - DAG(s) 'example-docker-operator-dag' retrieved from /opt/airflow/dags/example_docker_operator_dag.py
[2024-04-14T16:06:43.597+0000] {logging_mixin.py:188} INFO - [2024-04-14T16:06:43.597+0000] {dag.py:3047} INFO - Sync 1 DAGs
[2024-04-14T16:06:43.604+0000] {logging_mixin.py:188} INFO - [2024-04-14T16:06:43.604+0000] {dag.py:3834} INFO - Setting next_dagrun for example-docker-operator-dag to None, run_after=None
[2024-04-14T16:06:43.624+0000] {processor.py:183} INFO - Processing /opt/airflow/dags/example_docker_operator_dag.py took 0.126 seconds
[2024-04-14T16:07:13.724+0000] {processor.py:161} INFO - Started process (PID=121) to work on /opt/airflow/dags/example_docker_operator_dag.py
[2024-04-14T16:07:13.726+0000] {processor.py:830} INFO - Processing file /opt/airflow/dags/example_docker_operator_dag.py for tasks to queue
[2024-04-14T16:07:13.727+0000] {logging_mixin.py:188} INFO - [2024-04-14T16:07:13.727+0000] {dagbag.py:540} INFO - Filling up the DagBag from /opt/airflow/dags/example_docker_operator_dag.py
[2024-04-14T16:07:13.733+0000] {processor.py:840} INFO - DAG(s) 'example-docker-operator-dag' retrieved from /opt/airflow/dags/example_docker_operator_dag.py
[2024-04-14T16:07:13.786+0000] {logging_mixin.py:188} INFO - [2024-04-14T16:07:13.786+0000] {dag.py:3047} INFO - Sync 1 DAGs
[2024-04-14T16:07:13.791+0000] {logging_mixin.py:188} INFO - [2024-04-14T16:07:13.791+0000] {dag.py:3834} INFO - Setting next_dagrun for example-docker-operator-dag to None, run_after=None
[2024-04-14T16:07:13.802+0000] {processor.py:183} INFO - Processing /opt/airflow/dags/example_docker_operator_dag.py took 0.080 seconds
[2024-04-14T16:07:44.065+0000] {processor.py:161} INFO - Started process (PID=128) to work on /opt/airflow/dags/example_docker_operator_dag.py
[2024-04-14T16:07:44.066+0000] {processor.py:830} INFO - Processing file /opt/airflow/dags/example_docker_operator_dag.py for tasks to queue
[2024-04-14T16:07:44.067+0000] {logging_mixin.py:188} INFO - [2024-04-14T16:07:44.067+0000] {dagbag.py:540} INFO - Filling up the DagBag from /opt/airflow/dags/example_docker_operator_dag.py
[2024-04-14T16:07:44.072+0000] {processor.py:840} INFO - DAG(s) 'example-docker-operator-dag' retrieved from /opt/airflow/dags/example_docker_operator_dag.py
[2024-04-14T16:07:44.123+0000] {logging_mixin.py:188} INFO - [2024-04-14T16:07:44.123+0000] {dag.py:3047} INFO - Sync 1 DAGs
[2024-04-14T16:07:44.129+0000] {logging_mixin.py:188} INFO - [2024-04-14T16:07:44.129+0000] {dag.py:3834} INFO - Setting next_dagrun for example-docker-operator-dag to None, run_after=None
[2024-04-14T16:07:44.139+0000] {processor.py:183} INFO - Processing /opt/airflow/dags/example_docker_operator_dag.py took 0.076 seconds
[2024-04-14T16:08:14.284+0000] {processor.py:161} INFO - Started process (PID=135) to work on /opt/airflow/dags/example_docker_operator_dag.py
[2024-04-14T16:08:14.286+0000] {processor.py:830} INFO - Processing file /opt/airflow/dags/example_docker_operator_dag.py for tasks to queue
[2024-04-14T16:08:14.287+0000] {logging_mixin.py:188} INFO - [2024-04-14T16:08:14.287+0000] {dagbag.py:540} INFO - Filling up the DagBag from /opt/airflow/dags/example_docker_operator_dag.py
[2024-04-14T16:08:14.292+0000] {processor.py:840} INFO - DAG(s) 'example-docker-operator-dag' retrieved from /opt/airflow/dags/example_docker_operator_dag.py
[2024-04-14T16:08:14.347+0000] {logging_mixin.py:188} INFO - [2024-04-14T16:08:14.347+0000] {dag.py:3047} INFO - Sync 1 DAGs
[2024-04-14T16:08:14.353+0000] {logging_mixin.py:188} INFO - [2024-04-14T16:08:14.353+0000] {dag.py:3834} INFO - Setting next_dagrun for example-docker-operator-dag to None, run_after=None
[2024-04-14T16:08:14.365+0000] {processor.py:183} INFO - Processing /opt/airflow/dags/example_docker_operator_dag.py took 0.083 seconds
[2024-04-14T16:08:44.515+0000] {processor.py:161} INFO - Started process (PID=142) to work on /opt/airflow/dags/example_docker_operator_dag.py
[2024-04-14T16:08:44.516+0000] {processor.py:830} INFO - Processing file /opt/airflow/dags/example_docker_operator_dag.py for tasks to queue
[2024-04-14T16:08:44.516+0000] {logging_mixin.py:188} INFO - [2024-04-14T16:08:44.516+0000] {dagbag.py:540} INFO - Filling up the DagBag from /opt/airflow/dags/example_docker_operator_dag.py
[2024-04-14T16:08:44.522+0000] {processor.py:840} INFO - DAG(s) 'example-docker-operator-dag' retrieved from /opt/airflow/dags/example_docker_operator_dag.py
[2024-04-14T16:08:44.599+0000] {logging_mixin.py:188} INFO - [2024-04-14T16:08:44.598+0000] {dag.py:3047} INFO - Sync 1 DAGs
[2024-04-14T16:08:44.607+0000] {logging_mixin.py:188} INFO - [2024-04-14T16:08:44.607+0000] {dag.py:3834} INFO - Setting next_dagrun for example-docker-operator-dag to None, run_after=None
[2024-04-14T16:08:44.628+0000] {processor.py:183} INFO - Processing /opt/airflow/dags/example_docker_operator_dag.py took 0.115 seconds
[2024-04-14T16:09:14.677+0000] {processor.py:161} INFO - Started process (PID=149) to work on /opt/airflow/dags/example_docker_operator_dag.py
[2024-04-14T16:09:14.678+0000] {processor.py:830} INFO - Processing file /opt/airflow/dags/example_docker_operator_dag.py for tasks to queue
[2024-04-14T16:09:14.679+0000] {logging_mixin.py:188} INFO - [2024-04-14T16:09:14.678+0000] {dagbag.py:540} INFO - Filling up the DagBag from /opt/airflow/dags/example_docker_operator_dag.py
[2024-04-14T16:09:14.685+0000] {processor.py:840} INFO - DAG(s) 'example-docker-operator-dag' retrieved from /opt/airflow/dags/example_docker_operator_dag.py
[2024-04-14T16:09:14.755+0000] {logging_mixin.py:188} INFO - [2024-04-14T16:09:14.755+0000] {dag.py:3047} INFO - Sync 1 DAGs
[2024-04-14T16:09:14.760+0000] {logging_mixin.py:188} INFO - [2024-04-14T16:09:14.760+0000] {dag.py:3834} INFO - Setting next_dagrun for example-docker-operator-dag to None, run_after=None
[2024-04-14T16:09:14.769+0000] {processor.py:183} INFO - Processing /opt/airflow/dags/example_docker_operator_dag.py took 0.095 seconds
[2024-04-14T16:09:44.899+0000] {processor.py:161} INFO - Started process (PID=156) to work on /opt/airflow/dags/example_docker_operator_dag.py
[2024-04-14T16:09:44.900+0000] {processor.py:830} INFO - Processing file /opt/airflow/dags/example_docker_operator_dag.py for tasks to queue
[2024-04-14T16:09:44.900+0000] {logging_mixin.py:188} INFO - [2024-04-14T16:09:44.900+0000] {dagbag.py:540} INFO - Filling up the DagBag from /opt/airflow/dags/example_docker_operator_dag.py
[2024-04-14T16:09:44.905+0000] {processor.py:840} INFO - DAG(s) 'example-docker-operator-dag' retrieved from /opt/airflow/dags/example_docker_operator_dag.py
[2024-04-14T16:09:44.961+0000] {logging_mixin.py:188} INFO - [2024-04-14T16:09:44.961+0000] {dag.py:3047} INFO - Sync 1 DAGs
[2024-04-14T16:09:44.966+0000] {logging_mixin.py:188} INFO - [2024-04-14T16:09:44.966+0000] {dag.py:3834} INFO - Setting next_dagrun for example-docker-operator-dag to None, run_after=None
[2024-04-14T16:09:44.977+0000] {processor.py:183} INFO - Processing /opt/airflow/dags/example_docker_operator_dag.py took 0.080 seconds
